mode: set
multilayer/cmd/server/main.go:17.48,19.18 2 0
multilayer/cmd/server/main.go:19.18,21.3 1 0
multilayer/cmd/server/main.go:23.2,23.16 1 0
multilayer/cmd/server/main.go:24.18,26.17 2 0
multilayer/cmd/server/main.go:26.17,28.4 1 0
multilayer/cmd/server/main.go:29.3,30.17 2 0
multilayer/cmd/server/main.go:30.17,32.4 1 0
multilayer/cmd/server/main.go:33.3,34.17 2 0
multilayer/cmd/server/main.go:34.17,36.4 1 0
multilayer/cmd/server/main.go:37.3,38.21 2 0
multilayer/cmd/server/main.go:38.21,40.4 1 0
multilayer/cmd/server/main.go:41.3,42.19 2 0
multilayer/cmd/server/main.go:42.19,44.4 1 0
multilayer/cmd/server/main.go:46.3,48.55 2 0
multilayer/cmd/server/main.go:50.16,51.14 1 0
multilayer/cmd/server/main.go:52.10,54.19 2 0
multilayer/cmd/server/main.go:54.19,56.4 1 0
multilayer/cmd/server/main.go:57.3,57.56 1 0
multilayer/cmd/server/main.go:61.13,64.16 2 0
multilayer/cmd/server/main.go:64.16,65.54 1 0
multilayer/cmd/server/main.go:68.2,69.16 2 0
multilayer/cmd/server/main.go:69.16,70.54 1 0
multilayer/cmd/server/main.go:74.2,82.46 5 0
multilayer/cmd/server/main.go:82.46,87.3 1 0
multilayer/cmd/server/main.go:90.2,96.16 5 0
multilayer/cmd/server/main.go:96.16,98.3 1 0
multilayer/cmd/server/main.go:101.2,102.16 2 0
multilayer/cmd/server/main.go:102.16,103.50 1 0
multilayer/internal/entity/user.go:17.53,23.40 2 1
multilayer/internal/entity/user.go:23.40,25.3 1 1
multilayer/internal/entity/user.go:27.2,27.18 1 1
multilayer/internal/entity/user.go:31.33,32.22 1 1
multilayer/internal/entity/user.go:32.22,34.3 1 1
multilayer/internal/entity/user.go:36.2,36.25 1 1
multilayer/internal/entity/user.go:36.25,38.3 1 1
multilayer/internal/entity/user.go:40.2,40.26 1 1
multilayer/internal/entity/user.go:40.26,42.3 1 1
multilayer/internal/entity/user.go:44.2,44.19 1 1
multilayer/internal/entity/user.go:44.19,46.3 1 1
multilayer/internal/entity/user.go:49.2,50.38 2 1
multilayer/internal/entity/user.go:50.38,52.3 1 1
multilayer/internal/entity/user.go:54.2,54.12 1 1
multilayer/internal/entity/user.go:58.53,65.37 5 1
multilayer/internal/entity/user.go:65.37,70.3 3 1
multilayer/internal/entity/user.go:72.2,72.12 1 1
multilayer/internal/entity/user.go:76.36,79.2 2 1
multilayer/internal/entity/user.go:82.40,83.22 1 1
multilayer/internal/entity/user.go:83.22,85.3 1 1
multilayer/internal/entity/user.go:87.2,87.19 1 1
multilayer/internal/entity/user.go:87.19,89.21 2 1
multilayer/internal/entity/user.go:89.21,91.4 1 1
multilayer/internal/entity/user.go:93.2,93.23 1 1
multilayer/internal/controller/user_controller.go:14.82,16.2 1 1
multilayer/internal/controller/user_controller.go:18.59,21.16 2 1
multilayer/internal/controller/user_controller.go:21.16,25.3 1 0
multilayer/internal/controller/user_controller.go:28.2,32.47 2 1
multilayer/internal/controller/user_controller.go:32.47,36.3 1 0
multilayer/internal/controller/user_controller.go:39.2,40.16 2 1
multilayer/internal/controller/user_controller.go:40.16,44.3 1 0
multilayer/internal/controller/user_controller.go:46.2,46.23 1 1
multilayer/internal/controller/user_controller.go:49.57,55.47 2 0
multilayer/internal/controller/user_controller.go:55.47,59.3 1 0
multilayer/internal/controller/user_controller.go:61.2,62.16 2 0
multilayer/internal/controller/user_controller.go:62.16,66.3 1 0
multilayer/internal/controller/user_controller.go:68.2,68.51 1 0
multilayer/internal/controller/user_controller.go:71.56,74.16 3 0
multilayer/internal/controller/user_controller.go:74.16,78.3 1 0
multilayer/internal/controller/user_controller.go:79.2,79.23 1 0
multilayer/internal/service/user_service.go:19.71,21.2 1 0
multilayer/internal/service/user_service.go:23.89,26.16 2 1
multilayer/internal/service/user_service.go:26.16,28.3 1 0
multilayer/internal/service/user_service.go:31.2,36.18 4 1
multilayer/internal/service/user_service.go:39.82,46.2 3 0
multilayer/internal/service/user_service.go:48.62,50.2 1 0
multilayer/internal/repository/user_repository.go:21.53,23.2 1 1
multilayer/internal/repository/user_repository.go:25.58,27.2 1 1
multilayer/internal/repository/user_repository.go:29.58,31.2 1 1
multilayer/internal/repository/user_repository.go:33.66,37.2 3 0
